#
# There is insufficient memory for the Java Runtime Environment to continue.
# Native memory allocation (malloc) failed to allocate 1048576 bytes for AllocateHeap
# Possible reasons:
#   The system is out of physical RAM or swap space
#   In 32 bit mode, the process size limit was hit
# Possible solutions:
#   Reduce memory load on the system
#   Increase physical memory or swap space
#   Check if swap backing store is full
#   Use 64 bit Java on a 64 bit OS
#   Decrease Java heap size (-Xmx/-Xms)
#   Decrease number of Java threads
#   Decrease Java thread stack sizes (-Xss)
#   Set larger code cache with -XX:ReservedCodeCacheSize=
# This output file may be truncated or incomplete.
#
#  Out of Memory Error (memory/allocation.inline.hpp:61), pid=20040, tid=0x0000000000004cdc
#
# JRE version:  (8.0_111-b14) (build )
# Java VM: Java HotSpot(TM) 64-Bit Server VM (25.111-b14 mixed mode windows-amd64 compressed oops)
# Failed to write core dump. Minidumps are not enabled by default on client versions of Windows
#

---------------  T H R E A D  ---------------

Current thread (0x0000000003220800):  JavaThread "Unknown thread" [_thread_in_vm, id=19676, stack(0x0000000003120000,0x0000000003220000)]

Stack: [0x0000000003120000,0x0000000003220000]
[error occurred during error reporting (printing stack bounds), id 0xc0000005]

Native frames: (J=compiled Java code, j=interpreted, Vv=VM code, C=native code)


---------------  P R O C E S S  ---------------

Java Threads: ( => current thread )

Other Threads:

=>0x0000000003220800 (exited) JavaThread "Unknown thread" [_thread_in_vm, id=19676, stack(0x0000000003120000,0x0000000003220000)]

VM state:not at safepoint (normal execution)

VM Mutex/Monitor currently owned by a thread: None

Heap:
 PSYoungGen      total 38400K, used 665K [0x00000000d5e00000, 0x00000000d8880000, 0x0000000100000000)
  eden space 33280K, 2% used [0x00000000d5e00000,0x00000000d5ea6670,0x00000000d7e80000)
  from space 5120K, 0% used [0x00000000d8380000,0x00000000d8380000,0x00000000d8880000)
  to   space 5120K, 0% used [0x00000000d7e80000,0x00000000d7e80000,0x00000000d8380000)
 ParOldGen       total 87552K, used 0K [0x0000000081a00000, 0x0000000086f80000, 0x00000000d5e00000)
  object space 87552K, 0% used [0x0000000081a00000,0x0000000081a00000,0x0000000086f80000)
 Metaspace       used 752K, capacity 1092K, committed 1152K, reserved 1060864K
  class space    used 75K, capacity 384K, committed 384K, reserved 1048576K

Card table byte_map: [0x00000000126e0000,0x0000000012ae0000] byte_map_base: 0x00000000122d3000

Marking Bits: (ParMarkBitMap*) 0x000000005632a6c0
 Begin Bits: [0x0000000013190000, 0x0000000015128000)
 End Bits:   [0x0000000015128000, 0x00000000170c0000)

Polling page: 0x0000000001630000

CodeCache: size=245760Kb used=328Kb max_used=328Kb free=245431Kb
 bounds [0x0000000003320000, 0x0000000003590000, 0x0000000012320000]
 total_blobs=58 nmethods=0 adapters=38
 compilation: enabled

Compilation events (0 events):
No events

GC Heap History (0 events):
No events

Deoptimization events (0 events):
No events

Internal exceptions (0 events):
No events

Events (10 events):
Event: 0.043 loading class java/lang/Short
Event: 0.043 loading class java/lang/Short done
Event: 0.043 loading class java/lang/Integer
Event: 0.043 loading class java/lang/Integer done
Event: 0.043 loading class java/lang/Long
Event: 0.044 loading class java/lang/Long done
Event: 0.045 loading class java/lang/NullPointerException
Event: 0.045 loading class java/lang/NullPointerException done
Event: 0.045 loading class java/lang/ArithmeticException
Event: 0.045 loading class java/lang/ArithmeticException done


Dynamic libraries:
0x00007ff753b20000 - 0x00007ff753b57000 	C:\Program Files\Java\jre1.8.0_111\bin\javaw.exe
0x00007ffea7fc0000 - 0x00007ffea8191000 	C:\WINDOWS\SYSTEM32\ntdll.dll
0x00007ffea6d60000 - 0x00007ffea6e0b000 	C:\WINDOWS\System32\KERNEL32.DLL
0x00007ffea4f30000 - 0x00007ffea514d000 	C:\WINDOWS\System32\KERNELBASE.dll
0x00007ffea7430000 - 0x00007ffea74d2000 	C:\WINDOWS\System32\ADVAPI32.dll
0x00007ffea70a0000 - 0x00007ffea713e000 	C:\WINDOWS\System32\msvcrt.dll
0x00007ffea7970000 - 0x00007ffea79c9000 	C:\WINDOWS\System32\sechost.dll
0x00007ffea5550000 - 0x00007ffea5671000 	C:\WINDOWS\System32\RPCRT4.dll
0x00007ffea6e10000 - 0x00007ffea6f75000 	C:\WINDOWS\System32\USER32.dll
0x00007ffea44b0000 - 0x00007ffea44ce000 	C:\WINDOWS\System32\win32u.dll
0x00007ffea7920000 - 0x00007ffea7954000 	C:\WINDOWS\System32\GDI32.dll
0x00007ffea5320000 - 0x00007ffea54a2000 	C:\WINDOWS\System32\gdi32full.dll
0x00007ffe934f0000 - 0x00007ffe9376a000 	C:\WINDOWS\WinSxS\amd64_microsoft.windows.common-controls_6595b64144ccf1df_6.0.14393.351_none_4213128bc687e6d3\COMCTL32.dll
0x00007ffea7140000 - 0x00007ffea7407000 	C:\WINDOWS\System32\combase.dll
0x00007ffea5220000 - 0x00007ffea5315000 	C:\WINDOWS\System32\ucrtbase.dll
0x00007ffea51b0000 - 0x00007ffea521a000 	C:\WINDOWS\System32\bcryptPrimitives.dll
0x00007ffea7e80000 - 0x00007ffea7eae000 	C:\WINDOWS\System32\IMM32.DLL
0x00000000557c0000 - 0x0000000055892000 	C:\Program Files\Java\jre1.8.0_111\bin\msvcr100.dll
0x0000000055b10000 - 0x00000000563aa000 	C:\Program Files\Java\jre1.8.0_111\bin\server\jvm.dll
0x00007ffea6d50000 - 0x00007ffea6d58000 	C:\WINDOWS\System32\PSAPI.DLL
0x00007ffe9ffa0000 - 0x00007ffe9ffaa000 	C:\WINDOWS\SYSTEM32\VERSION.dll
0x00007ffe9a0f0000 - 0x00007ffe9a0f9000 	C:\WINDOWS\SYSTEM32\WSOCK32.dll
0x00007ffea2740000 - 0x00007ffea2763000 	C:\WINDOWS\SYSTEM32\WINMM.dll
0x00007ffea7eb0000 - 0x00007ffea7f1a000 	C:\WINDOWS\System32\WS2_32.dll
0x0000000001070000 - 0x000000000109b000 	C:\WINDOWS\SYSTEM32\WINMMBASE.dll
0x00007ffea4d10000 - 0x00007ffea4d52000 	C:\WINDOWS\System32\cfgmgr32.dll
0x0000000055a20000 - 0x0000000055a2f000 	C:\Program Files\Java\jre1.8.0_111\bin\verify.dll
0x00000000559f0000 - 0x0000000055a19000 	C:\Program Files\Java\jre1.8.0_111\bin\java.dll
0x00000000559d0000 - 0x00000000559e6000 	C:\Program Files\Java\jre1.8.0_111\bin\zip.dll

VM Arguments:
jvm_args: -Dfile.encoding=UTF-8 
java_command: homework6.ExamVariousArray
java_class_path (initial): C:\Users\Windows10\git\homework6\homework6\bin
Launcher Type: SUN_STANDARD

Environment Variables:
PATH=C:/Program Files/Java/jre1.8.0_111/bin/server;C:/Program Files/Java/jre1.8.0_111/bin;C:/Program Files/Java/jre1.8.0_111/lib/amd64;C:\ProgramData\Oracle\Java\javapath;C:\WINDOWS\system32;C:\WINDOWS;C:\WINDOWS\System32\Wbem;C:\WINDOWS\System32\WindowsPowerShell\v1.0\;C:\Program Files (x86)\Intel\OpenCL SDK\2.0\bin\x86;C:\Program Files (x86)\Intel\OpenCL SDK\2.0\bin\x64;C:\Program Files (x86)\ATI Technologies\ATI.ACE\Core-Static;C:\Program Files\TortoiseGit\bin;C:\Program Files\MySQL\MySQL Utilities 1.6\;C:\Users\Windows10\AppData\Local\Microsoft\WindowsApps;;C:\Users\Windows10\Desktop;
USERNAME=Windows10
OS=Windows_NT
PROCESSOR_IDENTIFIER=Intel64 Family 6 Model 42 Stepping 7, GenuineIntel



---------------  S Y S T E M  ---------------

OS: Windows 10.0 , 64 bit Build 14393 (10.0.14393.0)

CPU:total 4 (2 cores per cpu, 2 threads per core) family 6 model 42 stepping 7, cmov, cx8, fxsr, mmx, sse, sse2, sse3, ssse3, sse4.1, sse4.2, popcnt, avx, aes, clmul, ht, tsc, tscinvbit

Memory: 4k page, physical 8280296k(4071564k free), swap 33446120k(5864k free)

vm_info: Java HotSpot(TM) 64-Bit Server VM (25.111-b14) for windows-amd64 JRE (1.8.0_111-b14), built on Sep 22 2016 19:24:05 by "java_re" with MS VC++ 10.0 (VS2010)

time: Sun Nov 06 15:57:26 2016
elapsed time: 0 seconds (0d 0h 0m 0s)

